nohup: ignoring input
	Command being timed: "python ./type_post_processing.py --clustering ../dataset_analyses/cluster_comparison/mcl_i20.clusters --config-file ./config.json --output-prefix ./ --highly-cited-threshold 0.0001 --type-1-threshold 0.01 --method increment_type_1"
	User time (seconds): 2.90
	System time (seconds): 3.64
	Percent of CPU this job got: 1%
	Elapsed (wall clock) time (h:mm:ss or m:ss): 8:59.90
	Average shared text size (kbytes): 0
	Average unshared data size (kbytes): 0
	Average stack size (kbytes): 0
	Average total size (kbytes): 0
	Maximum resident set size (kbytes): 199136
	Average resident set size (kbytes): 0
	Major (requiring I/O) page faults: 0
	Minor (reclaiming a frame) page faults: 107587
	Voluntary context switches: 14784
	Involuntary context switches: 16
	Swaps: 0
	File system inputs: 0
	File system outputs: 18120
	Socket messages sent: 0
	Socket messages received: 0
	Signals delivered: 0
	Page size (bytes): 4096
	Exit status: 0
